<?xml version="1.0" encoding="UTF-8"?>
<!-- Generated by org.testng.reporters.JUnitReportReporter -->
<testsuite hostname="GENEVIEVE" failures="0" tests="3" name="examples.LogTests" time="0.038" errors="0" timestamp="2024-10-19T15:22:19 EDT" skipped="0">
  <testcase classname="examples.LogTests" name="test1" time="0.034"/>
  <system-out/>
  <testcase classname="examples.LogTests" name="test2" time="0.002"/>
  <system-out/>
  <testcase classname="examples.LogTests" name="test3" time="0.002"/>
  <system-out/>
</testsuite> <!-- examples.LogTests -->
